
  .   ____          _            __ _ _
 /\\ / ___'_ __ _ _(_)_ __  __ _ \ \ \ \
( ( )\___ | '_ | '_| | '_ \/ _` | \ \ \ \
 \\/  ___)| |_)| | | | | || (_| |  ) ) ) )
  '  |____| .__|_| |_|_| |_\__, | / / / /
 =========|_|==============|___/=/_/_/_/

 :: Spring Boot ::                (v3.5.3)

2025-08-12T11:36:14.271+09:00  INFO 94279 --- [inquiry] [           main] didim.inquiry.InquiryApplication         : Starting InquiryApplication v0.0.1-SNAPSHOT using Java 24.0.2 with PID 94279 (/Users/admin/InquiryList/build/libs/inquiry-0.0.1-SNAPSHOT.jar started by root in /Users/admin/InquiryList/build/libs)
2025-08-12T11:36:14.275+09:00  INFO 94279 --- [inquiry] [           main] didim.inquiry.InquiryApplication         : No active profile set, falling back to 1 default profile: "default"
2025-08-12T11:36:16.428+09:00  INFO 94279 --- [inquiry] [           main] .s.d.r.c.RepositoryConfigurationDelegate : Bootstrapping Spring Data JPA repositories in DEFAULT mode.
2025-08-12T11:36:16.615+09:00  INFO 94279 --- [inquiry] [           main] .s.d.r.c.RepositoryConfigurationDelegate : Finished Spring Data repository scanning in 158 ms. Found 7 JPA repository interfaces.
2025-08-12T11:36:17.984+09:00  INFO 94279 --- [inquiry] [           main] o.s.b.w.embedded.tomcat.TomcatWebServer  : Tomcat initialized with port 443 (https)
2025-08-12T11:36:18.016+09:00  INFO 94279 --- [inquiry] [           main] o.apache.catalina.core.StandardService   : Starting service [Tomcat]
2025-08-12T11:36:18.017+09:00  INFO 94279 --- [inquiry] [           main] o.apache.catalina.core.StandardEngine    : Starting Servlet engine: [Apache Tomcat/10.1.42]
2025-08-12T11:36:18.079+09:00  INFO 94279 --- [inquiry] [           main] o.a.c.c.C.[Tomcat].[localhost].[/]       : Initializing Spring embedded WebApplicationContext
2025-08-12T11:36:18.080+09:00  INFO 94279 --- [inquiry] [           main] w.s.c.ServletWebServerApplicationContext : Root WebApplicationContext: initialization completed in 3700 ms
2025-08-12T11:36:18.337+09:00  INFO 94279 --- [inquiry] [           main] o.hibernate.jpa.internal.util.LogHelper  : HHH000204: Processing PersistenceUnitInfo [name: default]
2025-08-12T11:36:18.429+09:00  INFO 94279 --- [inquiry] [           main] org.hibernate.Version                    : HHH000412: Hibernate ORM core version 6.6.18.Final
2025-08-12T11:36:18.486+09:00  INFO 94279 --- [inquiry] [           main] o.h.c.internal.RegionFactoryInitiator    : HHH000026: Second-level cache disabled
2025-08-12T11:36:19.021+09:00  INFO 94279 --- [inquiry] [           main] o.s.o.j.p.SpringPersistenceUnitInfo      : No LoadTimeWeaver setup: ignoring JPA class transformer
2025-08-12T11:36:19.059+09:00  INFO 94279 --- [inquiry] [           main] com.zaxxer.hikari.HikariDataSource       : HikariPool-1 - Starting...
2025-08-12T11:36:19.376+09:00  INFO 94279 --- [inquiry] [           main] com.zaxxer.hikari.pool.HikariPool        : HikariPool-1 - Added connection com.mysql.cj.jdbc.ConnectionImpl@296676c4
2025-08-12T11:36:19.379+09:00  INFO 94279 --- [inquiry] [           main] com.zaxxer.hikari.HikariDataSource       : HikariPool-1 - Start completed.
2025-08-12T11:36:19.488+09:00  WARN 94279 --- [inquiry] [           main] org.hibernate.orm.deprecation            : HHH90000025: MySQLDialect does not need to be specified explicitly using 'hibernate.dialect' (remove the property setting and it will be selected by default)
2025-08-12T11:36:19.524+09:00  INFO 94279 --- [inquiry] [           main] org.hibernate.orm.connections.pooling    : HHH10001005: Database info:
	Database JDBC URL [Connecting through datasource 'HikariDataSource (HikariPool-1)']
	Database driver: undefined/unknown
	Database version: 8.0.43
	Autocommit mode: undefined/unknown
	Isolation level: undefined/unknown
	Minimum pool size: undefined/unknown
	Maximum pool size: undefined/unknown
2025-08-12T11:36:21.026+09:00  INFO 94279 --- [inquiry] [           main] o.h.e.t.j.p.i.JtaPlatformInitiator       : HHH000489: No JTA platform available (set 'hibernate.transaction.jta.platform' to enable JTA platform integration)
2025-08-12T11:36:21.141+09:00  INFO 94279 --- [inquiry] [           main] j.LocalContainerEntityManagerFactoryBean : Initialized JPA EntityManagerFactory for persistence unit 'default'
2025-08-12T11:36:21.635+09:00  INFO 94279 --- [inquiry] [           main] o.s.d.j.r.query.QueryEnhancerFactory     : Hibernate is in classpath; If applicable, HQL parser will be used.
2025-08-12T11:36:25.215+09:00  WARN 94279 --- [inquiry] [           main] JpaBaseConfiguration$JpaWebConfiguration : spring.jpa.open-in-view is enabled by default. Therefore, database queries may be performed during view rendering. Explicitly configure spring.jpa.open-in-view to disable this warning
2025-08-12T11:36:25.294+09:00  INFO 94279 --- [inquiry] [           main] r$InitializeUserDetailsManagerConfigurer : Global AuthenticationManager configured with UserDetailsService bean with name customUserDetailsService
2025-08-12T11:36:26.490+09:00  INFO 94279 --- [inquiry] [           main] o.a.t.util.net.NioEndpoint.certificate   : Connector [https-jsse-nio-443], TLS virtual host [_default_], certificate type [UNDEFINED] configured from keystore [/var/root/.keystore] using alias [tomcat] with trust store [null]
2025-08-12T11:36:26.514+09:00  INFO 94279 --- [inquiry] [           main] o.s.b.w.embedded.tomcat.TomcatWebServer  : Tomcat started on port 443 (https) with context path '/'
2025-08-12T11:36:26.543+09:00  INFO 94279 --- [inquiry] [           main] didim.inquiry.InquiryApplication         : Started InquiryApplication in 13.111 seconds (process running for 13.996)
Hibernate: select c1_0.id from customer c1_0 where c1_0.code=? and c1_0.status=? limit ?
2025-08-12T11:36:26.724+09:00  INFO 94279 --- [inquiry] [           main] d.inquiry.config.DataInitializerConfig   : Customer with code DIDIM already exists, skipping initialization
Hibernate: select u1_0.id from user u1_0 where u1_0.customer_code=? and not(u1_0.delete_flag) limit ?
2025-08-12T11:36:26.730+09:00  INFO 94279 --- [inquiry] [           main] d.inquiry.config.DataInitializerConfig   : User with customerCode DIDIM and username admin already exists, skipping initialization
2025-08-12T11:36:42.490+09:00  INFO 94279 --- [inquiry] [-nio-443-exec-9] o.a.c.c.C.[Tomcat].[localhost].[/]       : Initializing Spring DispatcherServlet 'dispatcherServlet'
2025-08-12T11:36:42.491+09:00  INFO 94279 --- [inquiry] [-nio-443-exec-9] o.s.web.servlet.DispatcherServlet        : Initializing Servlet 'dispatcherServlet'
2025-08-12T11:36:42.492+09:00  INFO 94279 --- [inquiry] [-nio-443-exec-9] o.s.web.servlet.DispatcherServlet        : Completed initialization in 1 ms
=== JWT 필터 진입 ===
요청 URL: /inquiryList
인증 필요 경로 - JWT 검증 수행: /inquiryList
/login 요청 시 토큰 정보 확인 불가능
헤더 쿠키 파라미터 -> Filter JWT : null
=== JWT 필터 진입 ===
요청 URL: /login
공개 경로 - JWT 검증 건너뛰기: /login
2025-08-12T11:41:38.974+09:00  INFO 94279 --- [inquiry] [-nio-443-exec-7] o.apache.tomcat.util.http.parser.Cookie  : A cookie header was received [x-authorization="Bearer abcd1234xyz"] that contained an invalid cookie. That cookie will be ignored.
 Note: further occurrences of this error will be logged at DEBUG level.
=== JWT 필터 진입 ===
요청 URL: /login.html
인증 필요 경로 - JWT 검증 수행: /login.html
/login 요청 시 토큰 정보 확인 불가능
헤더 쿠키 파라미터 -> Filter JWT : null
=== JWT 필터 진입 ===
요청 URL: /login
공개 경로 - JWT 검증 건너뛰기: /login
=== JWT 필터 진입 ===
요청 URL: /login
공개 경로 - JWT 검증 건너뛰기: /login
=== JWT 필터 진입 ===
요청 URL: /signin
인증 필요 경로 - JWT 검증 수행: /signin
/login 요청 시 토큰 정보 확인 불가능
헤더 쿠키 파라미터 -> Filter JWT : null
=== CustomUserDetailsService.loadUserByUsername 호출 ===
2. 입력된 usernameWithCustomerCode: admin|didim
파싱된 username: admin
파싱된 customerCode: didim
Hibernate: select c1_0.id,c1_0.code,c1_0.company,c1_0.created_at,c1_0.status,c1_0.updated_at from customer c1_0 where c1_0.code=?
파싱된 username , customerCode로 DB조회
Hibernate: select u1_0.id,u1_0.created_at,u1_0.customer_code,u1_0.delete_flag,u1_0.email,u1_0.name,u1_0.password,u1_0.role,u1_0.tel,u1_0.updated_at,u1_0.username from user u1_0 where u1_0.username=? and u1_0.customer_code=?
DB에서 조회된 사용자: admin
사용자 고객코드: DIDIM
사용자 삭제플래그: false
인증 성공 - CustomUserDetails 생성(User객체) 후 반환 -> JwtAuthController
=== CustomUserDetails.getPassword 호출 ===
반환할 비밀번호: ***
=== JWT 필터 진입 ===
요청 URL: /inquiryList
인증 필요 경로 - JWT 검증 수행: /inquiryList
SecurityContextHolder.getContext().getAuthentication() : UsernamePasswordAuthenticationToken [Principal=didim.inquiry.auth.CustomUserDetails@67182c3c, Credentials=[PROTECTED], Authenticated=true, Details=WebAuthenticationDetails [RemoteIpAddress=211.169.38.70, SessionId=3B8D9F4E5A09CEFB5EBFCFFF330EBE3A], Granted Authorities=[ADMIN]]
SecurityContextHolder.getContext().getAuthentication().isAuthenticated() : true
인증된 사용자 JWT 검증건너뛰기
=== 디버깅 정보 ===
요청 시간: Tue Aug 12 12:01:09 KST 2025
세션 ID: 31A2476DA3ADDEFF5B97D148E91390AE
요청 URL: https://didim.fmapp.kr/inquiryList
Authentication: UsernamePasswordAuthenticationToken [Principal=didim.inquiry.auth.CustomUserDetails@67182c3c, Credentials=[PROTECTED], Authenticated=true, Details=WebAuthenticationDetails [RemoteIpAddress=211.169.38.70, SessionId=3B8D9F4E5A09CEFB5EBFCFFF330EBE3A], Granted Authorities=[ADMIN]]
=== CustomUserDetails.getUsername 호출 ===
반환할 사용자명: admin
SecurityUtil username: admin
Hibernate: select u1_0.id,u1_0.created_at,u1_0.customer_code,u1_0.delete_flag,u1_0.email,u1_0.name,u1_0.password,u1_0.role,u1_0.tel,u1_0.updated_at,u1_0.username from user u1_0 where u1_0.username=?
2025-08-12T12:01:09.185+09:00  WARN 94279 --- [inquiry] [-nio-443-exec-6] org.hibernate.orm.query                  : HHH90003004: firstResult/maxResults specified with collection fetch; applying in memory
Hibernate: select i1_0.id,a1_0.inquiry_id,a1_0.id,a1_0.content,a1_0.replied_at,u1_0.id,u1_0.created_at,u1_0.customer_code,u1_0.delete_flag,u1_0.email,u1_0.name,u1_0.password,u1_0.role,u1_0.tel,u1_0.updated_at,u1_0.username,i1_0.content,i1_0.created_at,i1_0.manager_id,i1_0.project_id,i1_0.status,i1_0.tick_number,i1_0.title,i1_0.writer_id from inquiry i1_0 join user w1_0 on w1_0.id=i1_0.writer_id left join answer a1_0 on i1_0.id=a1_0.inquiry_id left join user u1_0 on u1_0.id=a1_0.user_id where (? is null or lower(i1_0.title) like lower(concat('%',?,'%')) escape '') and (? is null or lower(w1_0.name) like lower(concat('%',?,'%')) escape '') and (? is null or i1_0.created_at>=?) and (? is null or i1_0.created_at<=?) and (? is null or i1_0.status in (?,?)) and (? is null or i1_0.project_id=?) order by i1_0.created_at desc
인쿼리콘텐츠 : [didim.inquiry.domain.Inquiry@1e32a61b, didim.inquiry.domain.Inquiry@200894b1, didim.inquiry.domain.Inquiry@4ff1e2b4, didim.inquiry.domain.Inquiry@5a7dfabc, didim.inquiry.domain.Inquiry@37730671, didim.inquiry.domain.Inquiry@125e9e5, didim.inquiry.domain.Inquiry@1ca3b7cc, didim.inquiry.domain.Inquiry@4ba18162]
인쿼리개수 : 8
인쿼리비었나 : false
Hibernate: select c1_0.id,c1_0.code,c1_0.company,c1_0.created_at,c1_0.status,c1_0.updated_at from customer c1_0
Hibernate: select p1_0.id,p1_0.created_at,p1_0.customer_id,p1_0.subject,p1_0.updated_at from project p1_0 left join customer c1_0 on c1_0.id=p1_0.customer_id where c1_0.id=? order by p1_0.created_at desc
Hibernate: select p1_0.id,p1_0.created_at,p1_0.customer_id,p1_0.subject,p1_0.updated_at from project p1_0 where p1_0.id=?
Hibernate: select m1_0.id,m1_0.created_at,m1_0.delete_flag,m1_0.email,m1_0.name,m1_0.tel,m1_0.updated_at,u1_0.id,u1_0.created_at,u1_0.customer_code,u1_0.delete_flag,u1_0.email,u1_0.name,u1_0.password,u1_0.role,u1_0.tel,u1_0.updated_at,u1_0.username from manager m1_0 left join user u1_0 on u1_0.id=m1_0.user_id where m1_0.id=?
Hibernate: select p1_0.id,p1_0.created_at,p1_0.customer_id,p1_0.subject,p1_0.updated_at from project p1_0 where p1_0.id=?
Hibernate: select m1_0.id,m1_0.created_at,m1_0.delete_flag,m1_0.email,m1_0.name,m1_0.tel,m1_0.updated_at,u1_0.id,u1_0.created_at,u1_0.customer_code,u1_0.delete_flag,u1_0.email,u1_0.name,u1_0.password,u1_0.role,u1_0.tel,u1_0.updated_at,u1_0.username from manager m1_0 left join user u1_0 on u1_0.id=m1_0.user_id where m1_0.id=?
Hibernate: select p1_0.id,p1_0.created_at,p1_0.customer_id,p1_0.subject,p1_0.updated_at from project p1_0 where p1_0.id=?
Hibernate: select m1_0.id,m1_0.created_at,m1_0.delete_flag,m1_0.email,m1_0.name,m1_0.tel,m1_0.updated_at,u1_0.id,u1_0.created_at,u1_0.customer_code,u1_0.delete_flag,u1_0.email,u1_0.name,u1_0.password,u1_0.role,u1_0.tel,u1_0.updated_at,u1_0.username from manager m1_0 left join user u1_0 on u1_0.id=m1_0.user_id where m1_0.id=?
=== CustomUserDetails.getUsername 호출 ===
반환할 사용자명: admin
Hibernate: select p1_0.id,p1_0.created_at,p1_0.customer_id,p1_0.subject,p1_0.updated_at from project p1_0 where p1_0.id=?
Hibernate: select u1_0.id,u1_0.created_at,u1_0.customer_code,u1_0.delete_flag,u1_0.email,u1_0.name,u1_0.password,u1_0.role,u1_0.tel,u1_0.updated_at,u1_0.username from user u1_0 where u1_0.id=?
Hibernate: select p1_0.id,p1_0.created_at,p1_0.customer_id,p1_0.subject,p1_0.updated_at from project p1_0 where p1_0.id=?
=== CustomUserDetails.getUsername 호출 ===
반환할 사용자명: admin
=== CustomUserDetails.getUsername 호출 ===
반환할 사용자명: admin
=== CustomUserDetails.getUsername 호출 ===
반환할 사용자명: admin
=== CustomUserDetails.getUsername 호출 ===
반환할 사용자명: admin
=== CustomUserDetails.getUsername 호출 ===
반환할 사용자명: admin
=== CustomUserDetails.getUsername 호출 ===
반환할 사용자명: admin
=== JWT 필터 진입 ===
요청 URL: /inquiryList
인증 필요 경로 - JWT 검증 수행: /inquiryList
SecurityContextHolder.getContext().getAuthentication() : UsernamePasswordAuthenticationToken [Principal=didim.inquiry.auth.CustomUserDetails@67182c3c, Credentials=[PROTECTED], Authenticated=true, Details=WebAuthenticationDetails [RemoteIpAddress=211.169.38.70, SessionId=3B8D9F4E5A09CEFB5EBFCFFF330EBE3A], Granted Authorities=[ADMIN]]
SecurityContextHolder.getContext().getAuthentication().isAuthenticated() : true
인증된 사용자 JWT 검증건너뛰기
=== 디버깅 정보 ===
요청 시간: Tue Aug 12 12:01:09 KST 2025
세션 ID: 31A2476DA3ADDEFF5B97D148E91390AE
요청 URL: https://didim.fmapp.kr/inquiryList
Authentication: UsernamePasswordAuthenticationToken [Principal=didim.inquiry.auth.CustomUserDetails@67182c3c, Credentials=[PROTECTED], Authenticated=true, Details=WebAuthenticationDetails [RemoteIpAddress=211.169.38.70, SessionId=3B8D9F4E5A09CEFB5EBFCFFF330EBE3A], Granted Authorities=[ADMIN]]
=== CustomUserDetails.getUsername 호출 ===
반환할 사용자명: admin
SecurityUtil username: admin
Hibernate: select u1_0.id,u1_0.created_at,u1_0.customer_code,u1_0.delete_flag,u1_0.email,u1_0.name,u1_0.password,u1_0.role,u1_0.tel,u1_0.updated_at,u1_0.username from user u1_0 where u1_0.username=?
2025-08-12T12:01:09.532+09:00  WARN 94279 --- [inquiry] [nio-443-exec-10] org.hibernate.orm.query                  : HHH90003004: firstResult/maxResults specified with collection fetch; applying in memory
Hibernate: select i1_0.id,a1_0.inquiry_id,a1_0.id,a1_0.content,a1_0.replied_at,u1_0.id,u1_0.created_at,u1_0.customer_code,u1_0.delete_flag,u1_0.email,u1_0.name,u1_0.password,u1_0.role,u1_0.tel,u1_0.updated_at,u1_0.username,i1_0.content,i1_0.created_at,i1_0.manager_id,i1_0.project_id,i1_0.status,i1_0.tick_number,i1_0.title,i1_0.writer_id from inquiry i1_0 join user w1_0 on w1_0.id=i1_0.writer_id left join answer a1_0 on i1_0.id=a1_0.inquiry_id left join user u1_0 on u1_0.id=a1_0.user_id where (? is null or lower(i1_0.title) like lower(concat('%',?,'%')) escape '') and (? is null or lower(w1_0.name) like lower(concat('%',?,'%')) escape '') and (? is null or i1_0.created_at>=?) and (? is null or i1_0.created_at<=?) and (? is null or i1_0.status in (?,?)) and (? is null or i1_0.project_id=?) order by i1_0.created_at desc
인쿼리콘텐츠 : [didim.inquiry.domain.Inquiry@7171ab86, didim.inquiry.domain.Inquiry@6ab0b83e, didim.inquiry.domain.Inquiry@ae1583b, didim.inquiry.domain.Inquiry@790c8618, didim.inquiry.domain.Inquiry@da7be05, didim.inquiry.domain.Inquiry@4fe768bd, didim.inquiry.domain.Inquiry@50dd32b0, didim.inquiry.domain.Inquiry@699fb67a]
인쿼리개수 : 8
인쿼리비었나 : false
Hibernate: select c1_0.id,c1_0.code,c1_0.company,c1_0.created_at,c1_0.status,c1_0.updated_at from customer c1_0
=== CustomUserDetails.getUsername 호출 ===
반환할 사용자명: admin
=== CustomUserDetails.getUsername 호출 ===
반환할 사용자명: admin
=== CustomUserDetails.getUsername 호출 ===
반환할 사용자명: admin
Hibernate: select m1_0.id,m1_0.created_at,m1_0.delete_flag,m1_0.email,m1_0.name,m1_0.tel,m1_0.updated_at,u1_0.id,u1_0.created_at,u1_0.customer_code,u1_0.delete_flag,u1_0.email,u1_0.name,u1_0.password,u1_0.role,u1_0.tel,u1_0.updated_at,u1_0.username from manager m1_0 left join user u1_0 on u1_0.id=m1_0.user_id where m1_0.id=?
=== CustomUserDetails.getUsername 호출 ===
반환할 사용자명: admin
Hibernate: select p1_0.id,p1_0.created_at,p1_0.customer_id,p1_0.subject,p1_0.updated_at from project p1_0 left join customer c1_0 on c1_0.id=p1_0.customer_id where c1_0.id=? order by p1_0.created_at desc
=== CustomUserDetails.getUsername 호출 ===
반환할 사용자명: admin
=== CustomUserDetails.getUsername 호출 ===
반환할 사용자명: admin
Hibernate: select p1_0.id,p1_0.created_at,p1_0.customer_id,p1_0.subject,p1_0.updated_at from project p1_0 where p1_0.id=?
=== CustomUserDetails.getUsername 호출 ===
반환할 사용자명: admin
Hibernate: select m1_0.id,m1_0.created_at,m1_0.delete_flag,m1_0.email,m1_0.name,m1_0.tel,m1_0.updated_at,u1_0.id,u1_0.created_at,u1_0.customer_code,u1_0.delete_flag,u1_0.email,u1_0.name,u1_0.password,u1_0.role,u1_0.tel,u1_0.updated_at,u1_0.username from manager m1_0 left join user u1_0 on u1_0.id=m1_0.user_id where m1_0.id=?
=== CustomUserDetails.getUsername 호출 ===
반환할 사용자명: admin
Hibernate: select p1_0.id,p1_0.created_at,p1_0.customer_id,p1_0.subject,p1_0.updated_at from project p1_0 where p1_0.id=?
Hibernate: select m1_0.id,m1_0.created_at,m1_0.delete_flag,m1_0.email,m1_0.name,m1_0.tel,m1_0.updated_at,u1_0.id,u1_0.created_at,u1_0.customer_code,u1_0.delete_flag,u1_0.email,u1_0.name,u1_0.password,u1_0.role,u1_0.tel,u1_0.updated_at,u1_0.username from manager m1_0 left join user u1_0 on u1_0.id=m1_0.user_id where m1_0.id=?
Hibernate: select p1_0.id,p1_0.created_at,p1_0.customer_id,p1_0.subject,p1_0.updated_at from project p1_0 where p1_0.id=?
Hibernate: select m1_0.id,m1_0.created_at,m1_0.delete_flag,m1_0.email,m1_0.name,m1_0.tel,m1_0.updated_at,u1_0.id,u1_0.created_at,u1_0.customer_code,u1_0.delete_flag,u1_0.email,u1_0.name,u1_0.password,u1_0.role,u1_0.tel,u1_0.updated_at,u1_0.username from manager m1_0 left join user u1_0 on u1_0.id=m1_0.user_id where m1_0.id=?
=== CustomUserDetails.getUsername 호출 ===
반환할 사용자명: admin
=== CustomUserDetails.getUsername 호출 ===
반환할 사용자명: admin
=== CustomUserDetails.getUsername 호출 ===
반환할 사용자명: admin
=== CustomUserDetails.getUsername 호출 ===
반환할 사용자명: admin
=== CustomUserDetails.getUsername 호출 ===
반환할 사용자명: admin
=== CustomUserDetails.getUsername 호출 ===
반환할 사용자명: admin
=== CustomUserDetails.getUsername 호출 ===
반환할 사용자명: admin
=== CustomUserDetails.getUsername 호출 ===
반환할 사용자명: admin
=== CustomUserDetails.getUsername 호출 ===
반환할 사용자명: admin
=== CustomUserDetails.getUsername 호출 ===
반환할 사용자명: admin
=== CustomUserDetails.getUsername 호출 ===
반환할 사용자명: admin
=== CustomUserDetails.getUsername 호출 ===
반환할 사용자명: admin
=== CustomUserDetails.getUsername 호출 ===
반환할 사용자명: admin
Hibernate: select p1_0.id,p1_0.created_at,p1_0.customer_id,p1_0.subject,p1_0.updated_at from project p1_0 where p1_0.id=?
Hibernate: select u1_0.id,u1_0.created_at,u1_0.customer_code,u1_0.delete_flag,u1_0.email,u1_0.name,u1_0.password,u1_0.role,u1_0.tel,u1_0.updated_at,u1_0.username from user u1_0 where u1_0.id=?
Hibernate: select p1_0.id,p1_0.created_at,p1_0.customer_id,p1_0.subject,p1_0.updated_at from project p1_0 where p1_0.id=?
=== CustomUserDetails.getUsername 호출 ===
반환할 사용자명: admin
=== CustomUserDetails.getUsername 호출 ===
반환할 사용자명: admin
=== CustomUserDetails.getUsername 호출 ===
반환할 사용자명: admin
=== CustomUserDetails.getUsername 호출 ===
반환할 사용자명: admin
=== CustomUserDetails.getUsername 호출 ===
반환할 사용자명: admin
Hibernate: select m1_0.id,m1_0.created_at,m1_0.delete_flag,m1_0.email,m1_0.name,m1_0.tel,m1_0.updated_at,u1_0.id,u1_0.created_at,u1_0.customer_code,u1_0.delete_flag,u1_0.email,u1_0.name,u1_0.password,u1_0.role,u1_0.tel,u1_0.updated_at,u1_0.username from manager m1_0 left join user u1_0 on u1_0.id=m1_0.user_id where m1_0.id=?
=== CustomUserDetails.getUsername 호출 ===
반환할 사용자명: admin
=== JWT 필터 진입 ===
요청 URL: /
인증 필요 경로 - JWT 검증 수행: /
SecurityContextHolder.getContext().getAuthentication() : UsernamePasswordAuthenticationToken [Principal=didim.inquiry.auth.CustomUserDetails@67182c3c, Credentials=[PROTECTED], Authenticated=true, Details=WebAuthenticationDetails [RemoteIpAddress=211.169.38.70, SessionId=3B8D9F4E5A09CEFB5EBFCFFF330EBE3A], Granted Authorities=[ADMIN]]
SecurityContextHolder.getContext().getAuthentication().isAuthenticated() : true
인증된 사용자 JWT 검증건너뛰기
=== CustomUserDetails.getUsername 호출 ===
반환할 사용자명: admin
=== CustomUserDetails.getUsername 호출 ===
반환할 사용자명: admin
=== CustomUserDetails.getUsername 호출 ===
반환할 사용자명: admin
=== JWT 필터 진입 ===
요청 URL: /signin
인증 필요 경로 - JWT 검증 수행: /signin
SecurityContextHolder.getContext().getAuthentication() : UsernamePasswordAuthenticationToken [Principal=didim.inquiry.auth.CustomUserDetails@67182c3c, Credentials=[PROTECTED], Authenticated=true, Details=WebAuthenticationDetails [RemoteIpAddress=211.169.38.70, SessionId=3B8D9F4E5A09CEFB5EBFCFFF330EBE3A], Granted Authorities=[ADMIN]]
SecurityContextHolder.getContext().getAuthentication().isAuthenticated() : true
인증된 사용자 JWT 검증건너뛰기
=== CustomUserDetailsService.loadUserByUsername 호출 ===
2. 입력된 usernameWithCustomerCode: admin|didim
파싱된 username: admin
파싱된 customerCode: didim
Hibernate: select c1_0.id,c1_0.code,c1_0.company,c1_0.created_at,c1_0.status,c1_0.updated_at from customer c1_0 where c1_0.code=?
파싱된 username , customerCode로 DB조회
Hibernate: select u1_0.id,u1_0.created_at,u1_0.customer_code,u1_0.delete_flag,u1_0.email,u1_0.name,u1_0.password,u1_0.role,u1_0.tel,u1_0.updated_at,u1_0.username from user u1_0 where u1_0.username=? and u1_0.customer_code=?
DB에서 조회된 사용자: admin
사용자 고객코드: DIDIM
사용자 삭제플래그: false
인증 성공 - CustomUserDetails 생성(User객체) 후 반환 -> JwtAuthController
=== CustomUserDetails.getPassword 호출 ===
반환할 비밀번호: ***
=== JWT 필터 진입 ===
요청 URL: /inquiryList
인증 필요 경로 - JWT 검증 수행: /inquiryList
SecurityContextHolder.getContext().getAuthentication() : UsernamePasswordAuthenticationToken [Principal=didim.inquiry.auth.CustomUserDetails@2f238378, Credentials=[PROTECTED], Authenticated=true, Details=WebAuthenticationDetails [RemoteIpAddress=211.169.38.70, SessionId=31A2476DA3ADDEFF5B97D148E91390AE], Granted Authorities=[ADMIN]]
SecurityContextHolder.getContext().getAuthentication().isAuthenticated() : true
인증된 사용자 JWT 검증건너뛰기
=== 디버깅 정보 ===
요청 시간: Tue Aug 12 12:03:15 KST 2025
세션 ID: DD90B984B8A4D314365FDE339C90F5FC
요청 URL: https://didim.fmapp.kr/inquiryList
Authentication: UsernamePasswordAuthenticationToken [Principal=didim.inquiry.auth.CustomUserDetails@2f238378, Credentials=[PROTECTED], Authenticated=true, Details=WebAuthenticationDetails [RemoteIpAddress=211.169.38.70, SessionId=31A2476DA3ADDEFF5B97D148E91390AE], Granted Authorities=[ADMIN]]
=== CustomUserDetails.getUsername 호출 ===
반환할 사용자명: admin
SecurityUtil username: admin
Hibernate: select u1_0.id,u1_0.created_at,u1_0.customer_code,u1_0.delete_flag,u1_0.email,u1_0.name,u1_0.password,u1_0.role,u1_0.tel,u1_0.updated_at,u1_0.username from user u1_0 where u1_0.username=?
2025-08-12T12:03:15.933+09:00  WARN 94279 --- [inquiry] [-nio-443-exec-4] org.hibernate.orm.query                  : HHH90003004: firstResult/maxResults specified with collection fetch; applying in memory
Hibernate: select i1_0.id,a1_0.inquiry_id,a1_0.id,a1_0.content,a1_0.replied_at,u1_0.id,u1_0.created_at,u1_0.customer_code,u1_0.delete_flag,u1_0.email,u1_0.name,u1_0.password,u1_0.role,u1_0.tel,u1_0.updated_at,u1_0.username,i1_0.content,i1_0.created_at,i1_0.manager_id,i1_0.project_id,i1_0.status,i1_0.tick_number,i1_0.title,i1_0.writer_id from inquiry i1_0 join user w1_0 on w1_0.id=i1_0.writer_id left join answer a1_0 on i1_0.id=a1_0.inquiry_id left join user u1_0 on u1_0.id=a1_0.user_id where (? is null or lower(i1_0.title) like lower(concat('%',?,'%')) escape '') and (? is null or lower(w1_0.name) like lower(concat('%',?,'%')) escape '') and (? is null or i1_0.created_at>=?) and (? is null or i1_0.created_at<=?) and (? is null or i1_0.status in (?,?)) and (? is null or i1_0.project_id=?) order by i1_0.created_at desc
인쿼리콘텐츠 : [didim.inquiry.domain.Inquiry@1c80aad3, didim.inquiry.domain.Inquiry@5c07502e, didim.inquiry.domain.Inquiry@11485cea, didim.inquiry.domain.Inquiry@11a470da, didim.inquiry.domain.Inquiry@2f71be97, didim.inquiry.domain.Inquiry@33e908e8, didim.inquiry.domain.Inquiry@2b68ddd7, didim.inquiry.domain.Inquiry@2ad340f8]
인쿼리개수 : 8
인쿼리비었나 : false
Hibernate: select c1_0.id,c1_0.code,c1_0.company,c1_0.created_at,c1_0.status,c1_0.updated_at from customer c1_0
Hibernate: select p1_0.id,p1_0.created_at,p1_0.customer_id,p1_0.subject,p1_0.updated_at from project p1_0 left join customer c1_0 on c1_0.id=p1_0.customer_id where c1_0.id=? order by p1_0.created_at desc
Hibernate: select p1_0.id,p1_0.created_at,p1_0.customer_id,p1_0.subject,p1_0.updated_at from project p1_0 where p1_0.id=?
Hibernate: select m1_0.id,m1_0.created_at,m1_0.delete_flag,m1_0.email,m1_0.name,m1_0.tel,m1_0.updated_at,u1_0.id,u1_0.created_at,u1_0.customer_code,u1_0.delete_flag,u1_0.email,u1_0.name,u1_0.password,u1_0.role,u1_0.tel,u1_0.updated_at,u1_0.username from manager m1_0 left join user u1_0 on u1_0.id=m1_0.user_id where m1_0.id=?
Hibernate: select p1_0.id,p1_0.created_at,p1_0.customer_id,p1_0.subject,p1_0.updated_at from project p1_0 where p1_0.id=?
Hibernate: select m1_0.id,m1_0.created_at,m1_0.delete_flag,m1_0.email,m1_0.name,m1_0.tel,m1_0.updated_at,u1_0.id,u1_0.created_at,u1_0.customer_code,u1_0.delete_flag,u1_0.email,u1_0.name,u1_0.password,u1_0.role,u1_0.tel,u1_0.updated_at,u1_0.username from manager m1_0 left join user u1_0 on u1_0.id=m1_0.user_id where m1_0.id=?
Hibernate: select p1_0.id,p1_0.created_at,p1_0.customer_id,p1_0.subject,p1_0.updated_at from project p1_0 where p1_0.id=?
Hibernate: select m1_0.id,m1_0.created_at,m1_0.delete_flag,m1_0.email,m1_0.name,m1_0.tel,m1_0.updated_at,u1_0.id,u1_0.created_at,u1_0.customer_code,u1_0.delete_flag,u1_0.email,u1_0.name,u1_0.password,u1_0.role,u1_0.tel,u1_0.updated_at,u1_0.username from manager m1_0 left join user u1_0 on u1_0.id=m1_0.user_id where m1_0.id=?
Hibernate: select p1_0.id,p1_0.created_at,p1_0.customer_id,p1_0.subject,p1_0.updated_at from project p1_0 where p1_0.id=?
Hibernate: select u1_0.id,u1_0.created_at,u1_0.customer_code,u1_0.delete_flag,u1_0.email,u1_0.name,u1_0.password,u1_0.role,u1_0.tel,u1_0.updated_at,u1_0.username from user u1_0 where u1_0.id=?
Hibernate: select p1_0.id,p1_0.created_at,p1_0.customer_id,p1_0.subject,p1_0.updated_at from project p1_0 where p1_0.id=?
=== CustomUserDetails.getUsername 호출 ===
반환할 사용자명: admin
=== CustomUserDetails.getUsername 호출 ===
반환할 사용자명: admin
=== JWT 필터 진입 ===
요청 URL: /inquiryList
인증 필요 경로 - JWT 검증 수행: /inquiryList
SecurityContextHolder.getContext().getAuthentication() : UsernamePasswordAuthenticationToken [Principal=didim.inquiry.auth.CustomUserDetails@2f238378, Credentials=[PROTECTED], Authenticated=true, Details=WebAuthenticationDetails [RemoteIpAddress=211.169.38.70, SessionId=31A2476DA3ADDEFF5B97D148E91390AE], Granted Authorities=[ADMIN]]
SecurityContextHolder.getContext().getAuthentication().isAuthenticated() : true
인증된 사용자 JWT 검증건너뛰기
=== 디버깅 정보 ===
요청 시간: Tue Aug 12 12:03:16 KST 2025
세션 ID: DD90B984B8A4D314365FDE339C90F5FC
요청 URL: https://didim.fmapp.kr/inquiryList
Authentication: UsernamePasswordAuthenticationToken [Principal=didim.inquiry.auth.CustomUserDetails@2f238378, Credentials=[PROTECTED], Authenticated=true, Details=WebAuthenticationDetails [RemoteIpAddress=211.169.38.70, SessionId=31A2476DA3ADDEFF5B97D148E91390AE], Granted Authorities=[ADMIN]]
=== CustomUserDetails.getUsername 호출 ===
반환할 사용자명: admin
SecurityUtil username: admin
Hibernate: select m1_0.id,m1_0.created_at,m1_0.delete_flag,m1_0.email,m1_0.name,m1_0.tel,m1_0.updated_at,u1_0.id,u1_0.created_at,u1_0.customer_code,u1_0.delete_flag,u1_0.email,u1_0.name,u1_0.password,u1_0.role,u1_0.tel,u1_0.updated_at,u1_0.username from manager m1_0 left join user u1_0 on u1_0.id=m1_0.user_id where m1_0.id=?
Hibernate: select u1_0.id,u1_0.created_at,u1_0.customer_code,u1_0.delete_flag,u1_0.email,u1_0.name,u1_0.password,u1_0.role,u1_0.tel,u1_0.updated_at,u1_0.username from user u1_0 where u1_0.username=?
2025-08-12T12:03:16.045+09:00  WARN 94279 --- [inquiry] [-nio-443-exec-1] org.hibernate.orm.query                  : HHH90003004: firstResult/maxResults specified with collection fetch; applying in memory
=== CustomUserDetails.getUsername 호출 ===
반환할 사용자명: admin
Hibernate: select i1_0.id,a1_0.inquiry_id,a1_0.id,a1_0.content,a1_0.replied_at,u1_0.id,u1_0.created_at,u1_0.customer_code,u1_0.delete_flag,u1_0.email,u1_0.name,u1_0.password,u1_0.role,u1_0.tel,u1_0.updated_at,u1_0.username,i1_0.content,i1_0.created_at,i1_0.manager_id,i1_0.project_id,i1_0.status,i1_0.tick_number,i1_0.title,i1_0.writer_id from inquiry i1_0 join user w1_0 on w1_0.id=i1_0.writer_id left join answer a1_0 on i1_0.id=a1_0.inquiry_id left join user u1_0 on u1_0.id=a1_0.user_id where (? is null or lower(i1_0.title) like lower(concat('%',?,'%')) escape '') and (? is null or lower(w1_0.name) like lower(concat('%',?,'%')) escape '') and (? is null or i1_0.created_at>=?) and (? is null or i1_0.created_at<=?) and (? is null or i1_0.status in (?,?)) and (? is null or i1_0.project_id=?) order by i1_0.created_at desc
인쿼리콘텐츠 : [didim.inquiry.domain.Inquiry@175aa0bf, didim.inquiry.domain.Inquiry@d69a4f4, didim.inquiry.domain.Inquiry@50e1da8d, didim.inquiry.domain.Inquiry@34fc9aef, didim.inquiry.domain.Inquiry@541e717b, didim.inquiry.domain.Inquiry@34a59969, didim.inquiry.domain.Inquiry@6ad9758, didim.inquiry.domain.Inquiry@5456fd5c]
인쿼리개수 : 8
인쿼리비었나 : false
Hibernate: select c1_0.id,c1_0.code,c1_0.company,c1_0.created_at,c1_0.status,c1_0.updated_at from customer c1_0
Hibernate: select p1_0.id,p1_0.created_at,p1_0.customer_id,p1_0.subject,p1_0.updated_at from project p1_0 left join customer c1_0 on c1_0.id=p1_0.customer_id where c1_0.id=? order by p1_0.created_at desc
Hibernate: select p1_0.id,p1_0.created_at,p1_0.customer_id,p1_0.subject,p1_0.updated_at from project p1_0 where p1_0.id=?
Hibernate: select m1_0.id,m1_0.created_at,m1_0.delete_flag,m1_0.email,m1_0.name,m1_0.tel,m1_0.updated_at,u1_0.id,u1_0.created_at,u1_0.customer_code,u1_0.delete_flag,u1_0.email,u1_0.name,u1_0.password,u1_0.role,u1_0.tel,u1_0.updated_at,u1_0.username from manager m1_0 left join user u1_0 on u1_0.id=m1_0.user_id where m1_0.id=?
Hibernate: select p1_0.id,p1_0.created_at,p1_0.customer_id,p1_0.subject,p1_0.updated_at from project p1_0 where p1_0.id=?
Hibernate: select m1_0.id,m1_0.created_at,m1_0.delete_flag,m1_0.email,m1_0.name,m1_0.tel,m1_0.updated_at,u1_0.id,u1_0.created_at,u1_0.customer_code,u1_0.delete_flag,u1_0.email,u1_0.name,u1_0.password,u1_0.role,u1_0.tel,u1_0.updated_at,u1_0.username from manager m1_0 left join user u1_0 on u1_0.id=m1_0.user_id where m1_0.id=?
Hibernate: select p1_0.id,p1_0.created_at,p1_0.customer_id,p1_0.subject,p1_0.updated_at from project p1_0 where p1_0.id=?
Hibernate: select m1_0.id,m1_0.created_at,m1_0.delete_flag,m1_0.email,m1_0.name,m1_0.tel,m1_0.updated_at,u1_0.id,u1_0.created_at,u1_0.customer_code,u1_0.delete_flag,u1_0.email,u1_0.name,u1_0.password,u1_0.role,u1_0.tel,u1_0.updated_at,u1_0.username from manager m1_0 left join user u1_0 on u1_0.id=m1_0.user_id where m1_0.id=?
Hibernate: select p1_0.id,p1_0.created_at,p1_0.customer_id,p1_0.subject,p1_0.updated_at from project p1_0 where p1_0.id=?
Hibernate: select u1_0.id,u1_0.created_at,u1_0.customer_code,u1_0.delete_flag,u1_0.email,u1_0.name,u1_0.password,u1_0.role,u1_0.tel,u1_0.updated_at,u1_0.username from user u1_0 where u1_0.id=?
Hibernate: select p1_0.id,p1_0.created_at,p1_0.customer_id,p1_0.subject,p1_0.updated_at from project p1_0 where p1_0.id=?
Hibernate: select m1_0.id,m1_0.created_at,m1_0.delete_flag,m1_0.email,m1_0.name,m1_0.tel,m1_0.updated_at,u1_0.id,u1_0.created_at,u1_0.customer_code,u1_0.delete_flag,u1_0.email,u1_0.name,u1_0.password,u1_0.role,u1_0.tel,u1_0.updated_at,u1_0.username from manager m1_0 left join user u1_0 on u1_0.id=m1_0.user_id where m1_0.id=?
=== CustomUserDetails.getUsername 호출 ===
반환할 사용자명: admin
=== JWT 필터 진입 ===
요청 URL: /inquiryList
인증 필요 경로 - JWT 검증 수행: /inquiryList
SecurityContextHolder.getContext().getAuthentication() : UsernamePasswordAuthenticationToken [Principal=didim.inquiry.auth.CustomUserDetails@2f238378, Credentials=[PROTECTED], Authenticated=true, Details=WebAuthenticationDetails [RemoteIpAddress=211.169.38.70, SessionId=31A2476DA3ADDEFF5B97D148E91390AE], Granted Authorities=[ADMIN]]
SecurityContextHolder.getContext().getAuthentication().isAuthenticated() : true
인증된 사용자 JWT 검증건너뛰기
=== 디버깅 정보 ===
요청 시간: Tue Aug 12 12:03:23 KST 2025
세션 ID: DD90B984B8A4D314365FDE339C90F5FC
요청 URL: https://didim.fmapp.kr/inquiryList
Authentication: UsernamePasswordAuthenticationToken [Principal=didim.inquiry.auth.CustomUserDetails@2f238378, Credentials=[PROTECTED], Authenticated=true, Details=WebAuthenticationDetails [RemoteIpAddress=211.169.38.70, SessionId=31A2476DA3ADDEFF5B97D148E91390AE], Granted Authorities=[ADMIN]]
=== CustomUserDetails.getUsername 호출 ===
반환할 사용자명: admin
SecurityUtil username: admin
Hibernate: select u1_0.id,u1_0.created_at,u1_0.customer_code,u1_0.delete_flag,u1_0.email,u1_0.name,u1_0.password,u1_0.role,u1_0.tel,u1_0.updated_at,u1_0.username from user u1_0 where u1_0.username=?
2025-08-12T12:03:23.165+09:00  WARN 94279 --- [inquiry] [nio-443-exec-10] org.hibernate.orm.query                  : HHH90003004: firstResult/maxResults specified with collection fetch; applying in memory
Hibernate: select i1_0.id,a1_0.inquiry_id,a1_0.id,a1_0.content,a1_0.replied_at,u1_0.id,u1_0.created_at,u1_0.customer_code,u1_0.delete_flag,u1_0.email,u1_0.name,u1_0.password,u1_0.role,u1_0.tel,u1_0.updated_at,u1_0.username,i1_0.content,i1_0.created_at,i1_0.manager_id,i1_0.project_id,i1_0.status,i1_0.tick_number,i1_0.title,i1_0.writer_id from inquiry i1_0 join user w1_0 on w1_0.id=i1_0.writer_id left join answer a1_0 on i1_0.id=a1_0.inquiry_id left join user u1_0 on u1_0.id=a1_0.user_id where (? is null or lower(i1_0.title) like lower(concat('%',?,'%')) escape '') and (? is null or lower(w1_0.name) like lower(concat('%',?,'%')) escape '') and (? is null or i1_0.created_at>=?) and (? is null or i1_0.created_at<=?) and (? is null or i1_0.status in (?,?)) and (? is null or i1_0.project_id=?) order by i1_0.created_at desc
인쿼리콘텐츠 : [didim.inquiry.domain.Inquiry@73fa6c4a, didim.inquiry.domain.Inquiry@1bd98e0b, didim.inquiry.domain.Inquiry@33d30225, didim.inquiry.domain.Inquiry@6272ac32, didim.inquiry.domain.Inquiry@46ce1102, didim.inquiry.domain.Inquiry@127dbb3, didim.inquiry.domain.Inquiry@69129f6f, didim.inquiry.domain.Inquiry@7863f61c]
인쿼리개수 : 8
인쿼리비었나 : false
Hibernate: select c1_0.id,c1_0.code,c1_0.company,c1_0.created_at,c1_0.status,c1_0.updated_at from customer c1_0
Hibernate: select p1_0.id,p1_0.created_at,p1_0.customer_id,p1_0.subject,p1_0.updated_at from project p1_0 left join customer c1_0 on c1_0.id=p1_0.customer_id where c1_0.id=? order by p1_0.created_at desc
Hibernate: select p1_0.id,p1_0.created_at,p1_0.customer_id,p1_0.subject,p1_0.updated_at from project p1_0 where p1_0.id=?
Hibernate: select m1_0.id,m1_0.created_at,m1_0.delete_flag,m1_0.email,m1_0.name,m1_0.tel,m1_0.updated_at,u1_0.id,u1_0.created_at,u1_0.customer_code,u1_0.delete_flag,u1_0.email,u1_0.name,u1_0.password,u1_0.role,u1_0.tel,u1_0.updated_at,u1_0.username from manager m1_0 left join user u1_0 on u1_0.id=m1_0.user_id where m1_0.id=?
Hibernate: select p1_0.id,p1_0.created_at,p1_0.customer_id,p1_0.subject,p1_0.updated_at from project p1_0 where p1_0.id=?
Hibernate: select m1_0.id,m1_0.created_at,m1_0.delete_flag,m1_0.email,m1_0.name,m1_0.tel,m1_0.updated_at,u1_0.id,u1_0.created_at,u1_0.customer_code,u1_0.delete_flag,u1_0.email,u1_0.name,u1_0.password,u1_0.role,u1_0.tel,u1_0.updated_at,u1_0.username from manager m1_0 left join user u1_0 on u1_0.id=m1_0.user_id where m1_0.id=?
Hibernate: select p1_0.id,p1_0.created_at,p1_0.customer_id,p1_0.subject,p1_0.updated_at from project p1_0 where p1_0.id=?
Hibernate: select m1_0.id,m1_0.created_at,m1_0.delete_flag,m1_0.email,m1_0.name,m1_0.tel,m1_0.updated_at,u1_0.id,u1_0.created_at,u1_0.customer_code,u1_0.delete_flag,u1_0.email,u1_0.name,u1_0.password,u1_0.role,u1_0.tel,u1_0.updated_at,u1_0.username from manager m1_0 left join user u1_0 on u1_0.id=m1_0.user_id where m1_0.id=?
Hibernate: select p1_0.id,p1_0.created_at,p1_0.customer_id,p1_0.subject,p1_0.updated_at from project p1_0 where p1_0.id=?
Hibernate: select u1_0.id,u1_0.created_at,u1_0.customer_code,u1_0.delete_flag,u1_0.email,u1_0.name,u1_0.password,u1_0.role,u1_0.tel,u1_0.updated_at,u1_0.username from user u1_0 where u1_0.id=?
Hibernate: select p1_0.id,p1_0.created_at,p1_0.customer_id,p1_0.subject,p1_0.updated_at from project p1_0 where p1_0.id=?
=== CustomUserDetails.getUsername 호출 ===
반환할 사용자명: admin
=== CustomUserDetails.getUsername 호출 ===
반환할 사용자명: admin
=== CustomUserDetails.getUsername 호출 ===
반환할 사용자명: admin
Hibernate: select m1_0.id,m1_0.created_at,m1_0.delete_flag,m1_0.email,m1_0.name,m1_0.tel,m1_0.updated_at,u1_0.id,u1_0.created_at,u1_0.customer_code,u1_0.delete_flag,u1_0.email,u1_0.name,u1_0.password,u1_0.role,u1_0.tel,u1_0.updated_at,u1_0.username from manager m1_0 left join user u1_0 on u1_0.id=m1_0.user_id where m1_0.id=?
=== CustomUserDetails.getUsername 호출 ===
반환할 사용자명: admin
=== CustomUserDetails.getUsername 호출 ===
반환할 사용자명: admin
=== JWT 필터 진입 ===
요청 URL: /inquiryList
인증 필요 경로 - JWT 검증 수행: /inquiryList
SecurityContextHolder.getContext().getAuthentication() : UsernamePasswordAuthenticationToken [Principal=didim.inquiry.auth.CustomUserDetails@2f238378, Credentials=[PROTECTED], Authenticated=true, Details=WebAuthenticationDetails [RemoteIpAddress=211.169.38.70, SessionId=31A2476DA3ADDEFF5B97D148E91390AE], Granted Authorities=[ADMIN]]
SecurityContextHolder.getContext().getAuthentication().isAuthenticated() : true
인증된 사용자 JWT 검증건너뛰기
=== CustomUserDetails.getUsername 호출 ===
반환할 사용자명: admin
=== 디버깅 정보 ===
요청 시간: Tue Aug 12 12:03:23 KST 2025
세션 ID: DD90B984B8A4D314365FDE339C90F5FC
요청 URL: https://didim.fmapp.kr/inquiryList
Authentication: UsernamePasswordAuthenticationToken [Principal=didim.inquiry.auth.CustomUserDetails@2f238378, Credentials=[PROTECTED], Authenticated=true, Details=WebAuthenticationDetails [RemoteIpAddress=211.169.38.70, SessionId=31A2476DA3ADDEFF5B97D148E91390AE], Granted Authorities=[ADMIN]]
=== CustomUserDetails.getUsername 호출 ===
반환할 사용자명: admin
SecurityUtil username: admin
Hibernate: select u1_0.id,u1_0.created_at,u1_0.customer_code,u1_0.delete_flag,u1_0.email,u1_0.name,u1_0.password,u1_0.role,u1_0.tel,u1_0.updated_at,u1_0.username from user u1_0 where u1_0.username=?
=== CustomUserDetails.getUsername 호출 ===
반환할 사용자명: admin
=== CustomUserDetails.getUsername 호출 ===
반환할 사용자명: admin
2025-08-12T12:03:23.276+09:00  WARN 94279 --- [inquiry] [-nio-443-exec-6] org.hibernate.orm.query                  : HHH90003004: firstResult/maxResults specified with collection fetch; applying in memory
Hibernate: select i1_0.id,a1_0.inquiry_id,a1_0.id,a1_0.content,a1_0.replied_at,u1_0.id,u1_0.created_at,u1_0.customer_code,u1_0.delete_flag,u1_0.email,u1_0.name,u1_0.password,u1_0.role,u1_0.tel,u1_0.updated_at,u1_0.username,i1_0.content,i1_0.created_at,i1_0.manager_id,i1_0.project_id,i1_0.status,i1_0.tick_number,i1_0.title,i1_0.writer_id from inquiry i1_0 join user w1_0 on w1_0.id=i1_0.writer_id left join answer a1_0 on i1_0.id=a1_0.inquiry_id left join user u1_0 on u1_0.id=a1_0.user_id where (? is null or lower(i1_0.title) like lower(concat('%',?,'%')) escape '') and (? is null or lower(w1_0.name) like lower(concat('%',?,'%')) escape '') and (? is null or i1_0.created_at>=?) and (? is null or i1_0.created_at<=?) and (? is null or i1_0.status in (?,?)) and (? is null or i1_0.project_id=?) order by i1_0.created_at desc
인쿼리콘텐츠 : [didim.inquiry.domain.Inquiry@2137b74e, didim.inquiry.domain.Inquiry@5e4f76ab, didim.inquiry.domain.Inquiry@3d434a37, didim.inquiry.domain.Inquiry@24724bfa, didim.inquiry.domain.Inquiry@78991180, didim.inquiry.domain.Inquiry@89c4d4c, didim.inquiry.domain.Inquiry@42ac4a95, didim.inquiry.domain.Inquiry@3b392d92]
인쿼리개수 : 8
인쿼리비었나 : false
=== CustomUserDetails.getUsername 호출 ===
반환할 사용자명: admin
Hibernate: select c1_0.id,c1_0.code,c1_0.company,c1_0.created_at,c1_0.status,c1_0.updated_at from customer c1_0
=== CustomUserDetails.getUsername 호출 ===
반환할 사용자명: admin
Hibernate: select p1_0.id,p1_0.created_at,p1_0.customer_id,p1_0.subject,p1_0.updated_at from project p1_0 left join customer c1_0 on c1_0.id=p1_0.customer_id where c1_0.id=? order by p1_0.created_at desc
=== CustomUserDetails.getUsername 호출 ===
반환할 사용자명: admin
=== CustomUserDetails.getUsername 호출 ===
반환할 사용자명: admin
Hibernate: select p1_0.id,p1_0.created_at,p1_0.customer_id,p1_0.subject,p1_0.updated_at from project p1_0 where p1_0.id=?
Hibernate: select m1_0.id,m1_0.created_at,m1_0.delete_flag,m1_0.email,m1_0.name,m1_0.tel,m1_0.updated_at,u1_0.id,u1_0.created_at,u1_0.customer_code,u1_0.delete_flag,u1_0.email,u1_0.name,u1_0.password,u1_0.role,u1_0.tel,u1_0.updated_at,u1_0.username from manager m1_0 left join user u1_0 on u1_0.id=m1_0.user_id where m1_0.id=?
=== CustomUserDetails.getUsername 호출 ===
반환할 사용자명: admin
Hibernate: select p1_0.id,p1_0.created_at,p1_0.customer_id,p1_0.subject,p1_0.updated_at from project p1_0 where p1_0.id=?
Hibernate: select m1_0.id,m1_0.created_at,m1_0.delete_flag,m1_0.email,m1_0.name,m1_0.tel,m1_0.updated_at,u1_0.id,u1_0.created_at,u1_0.customer_code,u1_0.delete_flag,u1_0.email,u1_0.name,u1_0.password,u1_0.role,u1_0.tel,u1_0.updated_at,u1_0.username from manager m1_0 left join user u1_0 on u1_0.id=m1_0.user_id where m1_0.id=?
Hibernate: select p1_0.id,p1_0.created_at,p1_0.customer_id,p1_0.subject,p1_0.updated_at from project p1_0 where p1_0.id=?
=== CustomUserDetails.getUsername 호출 ===
반환할 사용자명: admin
Hibernate: select m1_0.id,m1_0.created_at,m1_0.delete_flag,m1_0.email,m1_0.name,m1_0.tel,m1_0.updated_at,u1_0.id,u1_0.created_at,u1_0.customer_code,u1_0.delete_flag,u1_0.email,u1_0.name,u1_0.password,u1_0.role,u1_0.tel,u1_0.updated_at,u1_0.username from manager m1_0 left join user u1_0 on u1_0.id=m1_0.user_id where m1_0.id=?
Hibernate: select p1_0.id,p1_0.created_at,p1_0.customer_id,p1_0.subject,p1_0.updated_at from project p1_0 where p1_0.id=?
=== CustomUserDetails.getUsername 호출 ===
반환할 사용자명: admin
Hibernate: select u1_0.id,u1_0.created_at,u1_0.customer_code,u1_0.delete_flag,u1_0.email,u1_0.name,u1_0.password,u1_0.role,u1_0.tel,u1_0.updated_at,u1_0.username from user u1_0 where u1_0.id=?
Hibernate: select p1_0.id,p1_0.created_at,p1_0.customer_id,p1_0.subject,p1_0.updated_at from project p1_0 where p1_0.id=?
=== CustomUserDetails.getUsername 호출 ===
반환할 사용자명: admin
Hibernate: select m1_0.id,m1_0.created_at,m1_0.delete_flag,m1_0.email,m1_0.name,m1_0.tel,m1_0.updated_at,u1_0.id,u1_0.created_at,u1_0.customer_code,u1_0.delete_flag,u1_0.email,u1_0.name,u1_0.password,u1_0.role,u1_0.tel,u1_0.updated_at,u1_0.username from manager m1_0 left join user u1_0 on u1_0.id=m1_0.user_id where m1_0.id=?
=== CustomUserDetails.getUsername 호출 ===
반환할 사용자명: admin
=== CustomUserDetails.getUsername 호출 ===
반환할 사용자명: admin
=== CustomUserDetails.getUsername 호출 ===
반환할 사용자명: admin
=== CustomUserDetails.getUsername 호출 ===
반환할 사용자명: admin
=== CustomUserDetails.getUsername 호출 ===
반환할 사용자명: admin
=== CustomUserDetails.getUsername 호출 ===
반환할 사용자명: admin
=== CustomUserDetails.getUsername 호출 ===
반환할 사용자명: admin
=== CustomUserDetails.getUsername 호출 ===
반환할 사용자명: admin
=== CustomUserDetails.getUsername 호출 ===
반환할 사용자명: admin
=== CustomUserDetails.getUsername 호출 ===
반환할 사용자명: admin
=== CustomUserDetails.getUsername 호출 ===
반환할 사용자명: admin
=== CustomUserDetails.getUsername 호출 ===
반환할 사용자명: admin
=== CustomUserDetails.getUsername 호출 ===
반환할 사용자명: admin
=== CustomUserDetails.getUsername 호출 ===
반환할 사용자명: admin
=== CustomUserDetails.getUsername 호출 ===
반환할 사용자명: admin
=== CustomUserDetails.getUsername 호출 ===
반환할 사용자명: admin
=== CustomUserDetails.getUsername 호출 ===
반환할 사용자명: admin
=== CustomUserDetails.getUsername 호출 ===
반환할 사용자명: admin
=== CustomUserDetails.getUsername 호출 ===
반환할 사용자명: admin
2025-08-12T12:11:34.667+09:00  INFO 94279 --- [inquiry] [ionShutdownHook] o.s.b.w.e.tomcat.GracefulShutdown        : Commencing graceful shutdown. Waiting for active requests to complete
2025-08-12T12:11:34.682+09:00  INFO 94279 --- [inquiry] [tomcat-shutdown] o.s.b.w.e.tomcat.GracefulShutdown        : Graceful shutdown complete
2025-08-12T12:11:34.710+09:00  INFO 94279 --- [inquiry] [ionShutdownHook] j.LocalContainerEntityManagerFactoryBean : Closing JPA EntityManagerFactory for persistence unit 'default'
2025-08-12T12:11:34.726+09:00  INFO 94279 --- [inquiry] [ionShutdownHook] com.zaxxer.hikari.HikariDataSource       : HikariPool-1 - Shutdown initiated...
2025-08-12T12:11:34.748+09:00  INFO 94279 --- [inquiry] [ionShutdownHook] com.zaxxer.hikari.HikariDataSource       : HikariPool-1 - Shutdown completed.
